0 info it worked if it ends with ok
1 verbose cli [ '/usr/local/bin/node', '/usr/local/bin/npm', 'install' ]
2 info using npm@3.10.3
3 info using node@v6.7.0
4 silly loadCurrentTree Starting
5 silly install loadCurrentTree
6 silly install readLocalPackageData
7 silly install normalizeTree
8 silly loadCurrentTree Finishing
9 silly loadIdealTree Starting
10 silly install loadIdealTree
11 silly cloneCurrentTree Starting
12 silly install cloneCurrentTreeToIdealTree
13 silly cloneCurrentTree Finishing
14 silly loadShrinkwrap Starting
15 silly install loadShrinkwrap
16 silly loadShrinkwrap Finishing
17 silly loadAllDepsIntoIdealTree Starting
18 silly install loadAllDepsIntoIdealTree
19 silly fetchNamedPackageData body-parser
20 silly mapToRegistry name body-parser
21 silly mapToRegistry using default registry
22 silly mapToRegistry registry https://registry.npmjs.org/
23 silly mapToRegistry data Result {
23 silly mapToRegistry   raw: 'body-parser',
23 silly mapToRegistry   scope: null,
23 silly mapToRegistry   escapedName: 'body-parser',
23 silly mapToRegistry   name: 'body-parser',
23 silly mapToRegistry   rawSpec: '',
23 silly mapToRegistry   spec: 'latest',
23 silly mapToRegistry   type: 'tag' }
24 silly mapToRegistry uri https://registry.npmjs.org/body-parser
25 silly fetchNamedPackageData ejs
26 silly mapToRegistry name ejs
27 silly mapToRegistry using default registry
28 silly mapToRegistry registry https://registry.npmjs.org/
29 silly mapToRegistry data Result {
29 silly mapToRegistry   raw: 'ejs',
29 silly mapToRegistry   scope: null,
29 silly mapToRegistry   escapedName: 'ejs',
29 silly mapToRegistry   name: 'ejs',
29 silly mapToRegistry   rawSpec: '',
29 silly mapToRegistry   spec: 'latest',
29 silly mapToRegistry   type: 'tag' }
30 silly mapToRegistry uri https://registry.npmjs.org/ejs
31 silly fetchNamedPackageData express
32 silly mapToRegistry name express
33 silly mapToRegistry using default registry
34 silly mapToRegistry registry https://registry.npmjs.org/
35 silly mapToRegistry data Result {
35 silly mapToRegistry   raw: 'express',
35 silly mapToRegistry   scope: null,
35 silly mapToRegistry   escapedName: 'express',
35 silly mapToRegistry   name: 'express',
35 silly mapToRegistry   rawSpec: '',
35 silly mapToRegistry   spec: 'latest',
35 silly mapToRegistry   type: 'tag' }
36 silly mapToRegistry uri https://registry.npmjs.org/express
37 verbose request uri https://registry.npmjs.org/ejs
38 verbose request no auth needed
39 info attempt registry request try #1 at 12:11:02 PM
40 verbose request id 3d1b29759c5d0a72
41 verbose etag "BUXKKL2066CREXJCC2UJV4IV2"
42 http request GET https://registry.npmjs.org/ejs
43 verbose request uri https://registry.npmjs.org/body-parser
44 verbose request no auth needed
45 info attempt registry request try #1 at 12:11:02 PM
46 verbose etag "BX7DIL5R9DVM8O5A0PA4FD115"
47 http request GET https://registry.npmjs.org/body-parser
48 verbose request uri https://registry.npmjs.org/express
49 verbose request no auth needed
50 info attempt registry request try #1 at 12:11:02 PM
51 verbose etag "C0EPZKIJIB929VOXSJ6962HJ1"
52 http request GET https://registry.npmjs.org/express
53 http 304 https://registry.npmjs.org/ejs
54 verbose headers { date: 'Sat, 22 Oct 2016 09:11:03 GMT',
54 verbose headers   via: '1.1 varnish',
54 verbose headers   'cache-control': 'max-age=300',
54 verbose headers   etag: '"BUXKKL2066CREXJCC2UJV4IV2"',
54 verbose headers   age: '37',
54 verbose headers   connection: 'keep-alive',
54 verbose headers   'x-served-by': 'cache-ams4441-AMS',
54 verbose headers   'x-cache': 'HIT',
54 verbose headers   'x-cache-hits': '1',
54 verbose headers   'x-timer': 'S1477127463.017375,VS0,VE0',
54 verbose headers   vary: 'Accept-Encoding' }
55 silly get cb [ 304,
55 silly get   { date: 'Sat, 22 Oct 2016 09:11:03 GMT',
55 silly get     via: '1.1 varnish',
55 silly get     'cache-control': 'max-age=300',
55 silly get     etag: '"BUXKKL2066CREXJCC2UJV4IV2"',
55 silly get     age: '37',
55 silly get     connection: 'keep-alive',
55 silly get     'x-served-by': 'cache-ams4441-AMS',
55 silly get     'x-cache': 'HIT',
55 silly get     'x-cache-hits': '1',
55 silly get     'x-timer': 'S1477127463.017375,VS0,VE0',
55 silly get     vary: 'Accept-Encoding' } ]
56 verbose etag https://registry.npmjs.org/ejs from cache
57 verbose get saving ejs to /Users/utku2107/.npm/registry.npmjs.org/ejs/.cache.json
58 verbose correctMkdir /Users/utku2107/.npm correctMkdir not in flight; initializing
59 http 304 https://registry.npmjs.org/body-parser
60 verbose headers { date: 'Sat, 22 Oct 2016 09:11:03 GMT',
60 verbose headers   via: '1.1 varnish',
60 verbose headers   'cache-control': 'max-age=300',
60 verbose headers   etag: '"BX7DIL5R9DVM8O5A0PA4FD115"',
60 verbose headers   age: '155',
60 verbose headers   connection: 'keep-alive',
60 verbose headers   'x-served-by': 'cache-ams4448-AMS',
60 verbose headers   'x-cache': 'HIT',
60 verbose headers   'x-cache-hits': '2',
60 verbose headers   'x-timer': 'S1477127463.017764,VS0,VE0',
60 verbose headers   vary: 'Accept-Encoding' }
61 silly get cb [ 304,
61 silly get   { date: 'Sat, 22 Oct 2016 09:11:03 GMT',
61 silly get     via: '1.1 varnish',
61 silly get     'cache-control': 'max-age=300',
61 silly get     etag: '"BX7DIL5R9DVM8O5A0PA4FD115"',
61 silly get     age: '155',
61 silly get     connection: 'keep-alive',
61 silly get     'x-served-by': 'cache-ams4448-AMS',
61 silly get     'x-cache': 'HIT',
61 silly get     'x-cache-hits': '2',
61 silly get     'x-timer': 'S1477127463.017764,VS0,VE0',
61 silly get     vary: 'Accept-Encoding' } ]
62 verbose etag https://registry.npmjs.org/body-parser from cache
63 verbose get saving body-parser to /Users/utku2107/.npm/registry.npmjs.org/body-parser/.cache.json
64 verbose correctMkdir /Users/utku2107/.npm correctMkdir already in flight; waiting
65 http 304 https://registry.npmjs.org/express
66 verbose headers { date: 'Sat, 22 Oct 2016 09:11:03 GMT',
66 verbose headers   via: '1.1 varnish',
66 verbose headers   'cache-control': 'max-age=300',
66 verbose headers   etag: '"C0EPZKIJIB929VOXSJ6962HJ1"',
66 verbose headers   age: '250',
66 verbose headers   connection: 'keep-alive',
66 verbose headers   'x-served-by': 'cache-ams4134-AMS',
66 verbose headers   'x-cache': 'HIT',
66 verbose headers   'x-cache-hits': '2',
66 verbose headers   'x-timer': 'S1477127463.027210,VS0,VE0',
66 verbose headers   vary: 'Accept-Encoding' }
67 silly get cb [ 304,
67 silly get   { date: 'Sat, 22 Oct 2016 09:11:03 GMT',
67 silly get     via: '1.1 varnish',
67 silly get     'cache-control': 'max-age=300',
67 silly get     etag: '"C0EPZKIJIB929VOXSJ6962HJ1"',
67 silly get     age: '250',
67 silly get     connection: 'keep-alive',
67 silly get     'x-served-by': 'cache-ams4134-AMS',
67 silly get     'x-cache': 'HIT',
67 silly get     'x-cache-hits': '2',
67 silly get     'x-timer': 'S1477127463.027210,VS0,VE0',
67 silly get     vary: 'Accept-Encoding' } ]
68 verbose etag https://registry.npmjs.org/express from cache
69 verbose get saving express to /Users/utku2107/.npm/registry.npmjs.org/express/.cache.json
70 verbose correctMkdir /Users/utku2107/.npm correctMkdir already in flight; waiting
71 silly resolveWithNewModule express@4.14.0 checking installable status
72 silly cache add args [ 'express@^4.14.0', null ]
73 verbose cache add spec express@^4.14.0
74 silly cache add parsed spec Result {
74 silly cache add   raw: 'express@^4.14.0',
74 silly cache add   scope: null,
74 silly cache add   escapedName: 'express',
74 silly cache add   name: 'express',
74 silly cache add   rawSpec: '^4.14.0',
74 silly cache add   spec: '>=4.14.0 <5.0.0',
74 silly cache add   type: 'range' }
75 silly addNamed express@>=4.14.0 <5.0.0
76 verbose addNamed ">=4.14.0 <5.0.0" is a valid semver range for express
77 silly addNameRange { name: 'express', range: '>=4.14.0 <5.0.0', hasData: false }
78 silly mapToRegistry name express
79 silly mapToRegistry using default registry
80 silly mapToRegistry registry https://registry.npmjs.org/
81 silly mapToRegistry data Result {
81 silly mapToRegistry   raw: 'express',
81 silly mapToRegistry   scope: null,
81 silly mapToRegistry   escapedName: 'express',
81 silly mapToRegistry   name: 'express',
81 silly mapToRegistry   rawSpec: '',
81 silly mapToRegistry   spec: 'latest',
81 silly mapToRegistry   type: 'tag' }
82 silly mapToRegistry uri https://registry.npmjs.org/express
83 verbose addNameRange registry:https://registry.npmjs.org/express not in flight; fetching
84 silly resolveWithNewModule body-parser@1.15.2 checking installable status
85 silly cache add args [ 'body-parser@^1.15.2', null ]
86 verbose cache add spec body-parser@^1.15.2
87 silly cache add parsed spec Result {
87 silly cache add   raw: 'body-parser@^1.15.2',
87 silly cache add   scope: null,
87 silly cache add   escapedName: 'body-parser',
87 silly cache add   name: 'body-parser',
87 silly cache add   rawSpec: '^1.15.2',
87 silly cache add   spec: '>=1.15.2 <2.0.0',
87 silly cache add   type: 'range' }
88 silly addNamed body-parser@>=1.15.2 <2.0.0
89 verbose addNamed ">=1.15.2 <2.0.0" is a valid semver range for body-parser
90 silly addNameRange { name: 'body-parser', range: '>=1.15.2 <2.0.0', hasData: false }
91 silly mapToRegistry name body-parser
92 silly mapToRegistry using default registry
93 silly mapToRegistry registry https://registry.npmjs.org/
94 silly mapToRegistry data Result {
94 silly mapToRegistry   raw: 'body-parser',
94 silly mapToRegistry   scope: null,
94 silly mapToRegistry   escapedName: 'body-parser',
94 silly mapToRegistry   name: 'body-parser',
94 silly mapToRegistry   rawSpec: '',
94 silly mapToRegistry   spec: 'latest',
94 silly mapToRegistry   type: 'tag' }
95 silly mapToRegistry uri https://registry.npmjs.org/body-parser
96 verbose addNameRange registry:https://registry.npmjs.org/body-parser not in flight; fetching
97 silly fetchNamedPackageData No valid target from cache, forcing network
98 verbose request uri https://registry.npmjs.org/ejs
99 verbose request no auth needed
100 info attempt registry request try #1 at 12:11:03 PM
101 http request GET https://registry.npmjs.org/ejs
102 verbose get https://registry.npmjs.org/body-parser not expired, no request
103 silly addNameRange number 2 { name: 'body-parser', range: '>=1.15.2 <2.0.0', hasData: true }
104 silly addNameRange versions [ 'body-parser',
104 silly addNameRange   [ '1.0.0',
104 silly addNameRange     '1.0.1',
104 silly addNameRange     '1.0.2',
104 silly addNameRange     '1.1.0',
104 silly addNameRange     '1.1.1',
104 silly addNameRange     '1.1.2',
104 silly addNameRange     '1.2.0',
104 silly addNameRange     '1.2.1',
104 silly addNameRange     '1.2.2',
104 silly addNameRange     '1.3.0',
104 silly addNameRange     '1.3.1',
104 silly addNameRange     '1.4.0',
104 silly addNameRange     '1.4.1',
104 silly addNameRange     '1.4.2',
104 silly addNameRange     '1.4.3',
104 silly addNameRange     '1.5.0',
104 silly addNameRange     '1.5.1',
104 silly addNameRange     '1.5.2',
104 silly addNameRange     '1.6.0',
104 silly addNameRange     '1.6.1',
104 silly addNameRange     '1.6.2',
104 silly addNameRange     '1.6.3',
104 silly addNameRange     '1.6.4',
104 silly addNameRange     '1.6.5',
104 silly addNameRange     '1.6.6',
104 silly addNameRange     '1.6.7',
104 silly addNameRange     '1.7.0',
104 silly addNameRange     '1.8.0',
104 silly addNameRange     '1.8.1',
104 silly addNameRange     '1.8.2',
104 silly addNameRange     '1.8.3',
104 silly addNameRange     '1.8.4',
104 silly addNameRange     '1.9.0',
104 silly addNameRange     '1.9.1',
104 silly addNameRange     '1.9.2',
104 silly addNameRange     '1.9.3',
104 silly addNameRange     '1.10.0',
104 silly addNameRange     '1.10.1',
104 silly addNameRange     '1.10.2',
104 silly addNameRange     '1.11.0',
104 silly addNameRange     '1.12.0',
104 silly addNameRange     '1.12.1',
104 silly addNameRange     '1.12.2',
104 silly addNameRange     '1.12.3',
104 silly addNameRange     '1.12.4',
104 silly addNameRange     '1.13.0',
104 silly addNameRange     '1.13.1',
104 silly addNameRange     '1.13.2',
104 silly addNameRange     '1.13.3',
104 silly addNameRange     '1.14.0',
104 silly addNameRange     '1.14.1',
104 silly addNameRange     '1.14.2',
104 silly addNameRange     '1.15.0',
104 silly addNameRange     '1.15.1',
104 silly addNameRange     '1.15.2' ] ]
105 silly addNamed body-parser@1.15.2
106 verbose addNamed "1.15.2" is a plain semver version for body-parser
107 verbose get https://registry.npmjs.org/express not expired, no request
108 silly addNameRange number 2 { name: 'express', range: '>=4.14.0 <5.0.0', hasData: true }
109 silly addNameRange versions [ 'express',
109 silly addNameRange   [ '0.14.0',
109 silly addNameRange     '0.14.1',
109 silly addNameRange     '1.0.0',
109 silly addNameRange     '1.0.1',
109 silly addNameRange     '1.0.2',
109 silly addNameRange     '1.0.3',
109 silly addNameRange     '1.0.4',
109 silly addNameRange     '1.0.5',
109 silly addNameRange     '1.0.6',
109 silly addNameRange     '1.0.7',
109 silly addNameRange     '1.0.8',
109 silly addNameRange     '2.0.0',
109 silly addNameRange     '2.1.0',
109 silly addNameRange     '2.1.1',
109 silly addNameRange     '2.2.0',
109 silly addNameRange     '2.2.1',
109 silly addNameRange     '2.2.2',
109 silly addNameRange     '2.3.0',
109 silly addNameRange     '2.3.1',
109 silly addNameRange     '2.3.2',
109 silly addNameRange     '2.3.3',
109 silly addNameRange     '2.3.4',
109 silly addNameRange     '2.3.5',
109 silly addNameRange     '2.3.6',
109 silly addNameRange     '2.3.7',
109 silly addNameRange     '2.3.8',
109 silly addNameRange     '2.3.9',
109 silly addNameRange     '2.3.10',
109 silly addNameRange     '2.3.11',
109 silly addNameRange     '2.3.12',
109 silly addNameRange     '2.4.0',
109 silly addNameRange     '2.4.1',
109 silly addNameRange     '2.4.2',
109 silly addNameRange     '2.4.3',
109 silly addNameRange     '2.4.4',
109 silly addNameRange     '2.4.5',
109 silly addNameRange     '2.4.6',
109 silly addNameRange     '2.4.7',
109 silly addNameRange     '2.5.0',
109 silly addNameRange     '2.5.1',
109 silly addNameRange     '2.5.2',
109 silly addNameRange     '2.5.3',
109 silly addNameRange     '2.5.4',
109 silly addNameRange     '2.5.5',
109 silly addNameRange     '2.5.6',
109 silly addNameRange     '2.5.7',
109 silly addNameRange     '2.5.8',
109 silly addNameRange     '2.5.9',
109 silly addNameRange     '2.5.10',
109 silly addNameRange     '2.5.11',
109 silly addNameRange     '3.0.0',
109 silly addNameRange     '3.0.1',
109 silly addNameRange     '3.0.2',
109 silly addNameRange     '3.0.3',
109 silly addNameRange     '3.0.4',
109 silly addNameRange     '3.0.5',
109 silly addNameRange     '3.0.6',
109 silly addNameRange     '3.1.0',
109 silly addNameRange     '3.1.1',
109 silly addNameRange     '3.1.2',
109 silly addNameRange     '3.2.0',
109 silly addNameRange     '3.2.1',
109 silly addNameRange     '3.2.2',
109 silly addNameRange     '3.2.3',
109 silly addNameRange     '3.2.4',
109 silly addNameRange     '3.2.5',
109 silly addNameRange     '3.2.6',
109 silly addNameRange     '3.3.0',
109 silly addNameRange     '3.3.1',
109 silly addNameRange     '3.3.2',
109 silly addNameRange     '3.3.3',
109 silly addNameRange     '3.3.4',
109 silly addNameRange     '3.3.5',
109 silly addNameRange     '3.3.6',
109 silly addNameRange     '1.0.0-beta',
109 silly addNameRange     '1.0.0-beta2',
109 silly addNameRange     '1.0.0-rc',
109 silly addNameRange     '1.0.0-rc2',
109 silly addNameRange     '1.0.0-rc3',
109 silly addNameRange     '1.0.0-rc4',
109 silly addNameRange     '2.0.0-beta',
109 silly addNameRange     '2.0.0-beta2',
109 silly addNameRange     '2.0.0-beta3',
109 silly addNameRange     '2.0.0-rc',
109 silly addNameRange     '2.0.0-rc2',
109 silly addNameRange     '2.0.0-rc3',
109 silly addNameRange     '3.0.0-alpha1',
109 silly addNameRange     '3.0.0-alpha2',
109 silly addNameRange     '3.0.0-alpha3',
109 silly addNameRange     '3.0.0-alpha4',
109 silly addNameRange     '3.0.0-alpha5',
109 silly addNameRange     '3.0.0-beta1',
109 silly addNameRange     '3.0.0-beta2',
109 silly addNameRange     '3.0.0-beta3',
109 silly addNameRange     '3.0.0-beta4',
109 silly addNameRange     '3.0.0-beta6',
109 silly addNameRange     '3.0.0-beta7',
109 silly addNameRange     '3.0.0-rc1',
109 silly addNameRange     '3.0.0-rc2',
109 silly addNameRange     '3.0.0-rc3',
109 silly addNameRange     ... 144 more items ] ]
110 silly addNamed express@4.14.0
111 verbose addNamed "4.14.0" is a plain semver version for express
112 silly cache afterAdd body-parser@1.15.2
113 verbose afterAdd /Users/utku2107/.npm/body-parser/1.15.2/package/package.json not in flight; writing
114 verbose correctMkdir /Users/utku2107/.npm correctMkdir not in flight; initializing
115 silly cache afterAdd express@4.14.0
116 verbose afterAdd /Users/utku2107/.npm/express/4.14.0/package/package.json not in flight; writing
117 verbose correctMkdir /Users/utku2107/.npm correctMkdir not in flight; initializing
118 verbose afterAdd /Users/utku2107/.npm/body-parser/1.15.2/package/package.json written
119 verbose afterAdd /Users/utku2107/.npm/express/4.14.0/package/package.json written
120 http 200 https://registry.npmjs.org/ejs
121 verbose headers { server: 'CouchDB/1.5.0 (Erlang OTP/R16B03)',
121 verbose headers   etag: '"BUXKKL2066CREXJCC2UJV4IV2"',
121 verbose headers   'content-type': 'application/json',
121 verbose headers   'content-encoding': 'gzip',
121 verbose headers   'cache-control': 'max-age=300',
121 verbose headers   'content-length': '11198',
121 verbose headers   'accept-ranges': 'bytes',
121 verbose headers   date: 'Sat, 22 Oct 2016 09:11:03 GMT',
121 verbose headers   via: '1.1 varnish',
121 verbose headers   age: '37',
121 verbose headers   connection: 'keep-alive',
121 verbose headers   'x-served-by': 'cache-ams4441-AMS',
121 verbose headers   'x-cache': 'HIT',
121 verbose headers   'x-cache-hits': '2',
121 verbose headers   'x-timer': 'S1477127463.189722,VS0,VE0',
121 verbose headers   vary: 'Accept-Encoding' }
122 silly get cb [ 200,
122 silly get   { server: 'CouchDB/1.5.0 (Erlang OTP/R16B03)',
122 silly get     etag: '"BUXKKL2066CREXJCC2UJV4IV2"',
122 silly get     'content-type': 'application/json',
122 silly get     'content-encoding': 'gzip',
122 silly get     'cache-control': 'max-age=300',
122 silly get     'content-length': '11198',
122 silly get     'accept-ranges': 'bytes',
122 silly get     date: 'Sat, 22 Oct 2016 09:11:03 GMT',
122 silly get     via: '1.1 varnish',
122 silly get     age: '37',
122 silly get     connection: 'keep-alive',
122 silly get     'x-served-by': 'cache-ams4441-AMS',
122 silly get     'x-cache': 'HIT',
122 silly get     'x-cache-hits': '2',
122 silly get     'x-timer': 'S1477127463.189722,VS0,VE0',
122 silly get     vary: 'Accept-Encoding' } ]
123 verbose get saving ejs to /Users/utku2107/.npm/registry.npmjs.org/ejs/.cache.json
124 verbose correctMkdir /Users/utku2107/.npm correctMkdir not in flight; initializing
125 silly fetchPackageMetaData Error: No compatible version found: ejs@^1.1.0
125 silly fetchPackageMetaData Valid install targets:
125 silly fetchPackageMetaData 2.5.2, 2.5.1, 2.4.2, 2.4.1, 2.3.4, 2.3.3, 2.3.2, 2.3.1, 2.2.4, 2.2.3, 2.2.2, 2.2.1, 2.1.4, 2.1.3, 2.1.2, 2.1.1, 2.0.8, 2.0.7, 2.0.6, 2.0.5, 2.0.4, 2.0.3, 2.0.2, 1.0.0, 0.8.8, 0.8.6, 0.8.5, 0.8.4, 0.8.3, 0.8.2, 0.8.1, 0.8.0, 0.7.2, 0.7.1, 0.7.0, 0.6.1, 0.6.0, 0.5.0, 0.4.3, 0.4.2, 0.4.1, 0.4.0, 0.3.1, 0.3.0, 0.2.1, 0.2.0, 0.1.0, 0.0.4, 0.0.3, 0.0.2, 0.0.1
125 silly fetchPackageMetaData
125 silly fetchPackageMetaData     at pickVersionFromRegistryDocument (/usr/local/lib/node_modules/npm/lib/fetch-package-metadata.js:170:16)
125 silly fetchPackageMetaData     at /usr/local/lib/node_modules/npm/node_modules/iferr/index.js:13:50
125 silly fetchPackageMetaData     at /usr/local/lib/node_modules/npm/lib/utils/pulse-till-done.js:20:8
125 silly fetchPackageMetaData     at saved (/usr/local/lib/node_modules/npm/lib/cache/caching-client.js:174:7)
125 silly fetchPackageMetaData     at /usr/local/lib/node_modules/npm/node_modules/graceful-fs/polyfills.js:210:7
125 silly fetchPackageMetaData     at FSReqWrap.oncomplete (fs.js:123:15)
125 silly fetchPackageMetaData  error for ejs@^1.1.0 Error: No compatible version found: ejs@^1.1.0
125 silly fetchPackageMetaData Valid install targets:
125 silly fetchPackageMetaData 2.5.2, 2.5.1, 2.4.2, 2.4.1, 2.3.4, 2.3.3, 2.3.2, 2.3.1, 2.2.4, 2.2.3, 2.2.2, 2.2.1, 2.1.4, 2.1.3, 2.1.2, 2.1.1, 2.0.8, 2.0.7, 2.0.6, 2.0.5, 2.0.4, 2.0.3, 2.0.2, 1.0.0, 0.8.8, 0.8.6, 0.8.5, 0.8.4, 0.8.3, 0.8.2, 0.8.1, 0.8.0, 0.7.2, 0.7.1, 0.7.0, 0.6.1, 0.6.0, 0.5.0, 0.4.3, 0.4.2, 0.4.1, 0.4.0, 0.3.1, 0.3.0, 0.2.1, 0.2.0, 0.1.0, 0.0.4, 0.0.3, 0.0.2, 0.0.1
125 silly fetchPackageMetaData
125 silly fetchPackageMetaData     at pickVersionFromRegistryDocument (/usr/local/lib/node_modules/npm/lib/fetch-package-metadata.js:170:16)
125 silly fetchPackageMetaData     at /usr/local/lib/node_modules/npm/node_modules/iferr/index.js:13:50
125 silly fetchPackageMetaData     at /usr/local/lib/node_modules/npm/lib/utils/pulse-till-done.js:20:8
125 silly fetchPackageMetaData     at saved (/usr/local/lib/node_modules/npm/lib/cache/caching-client.js:174:7)
125 silly fetchPackageMetaData     at /usr/local/lib/node_modules/npm/node_modules/graceful-fs/polyfills.js:210:7
125 silly fetchPackageMetaData     at FSReqWrap.oncomplete (fs.js:123:15)
126 silly rollbackFailedOptional Starting
127 silly rollbackFailedOptional Finishing
128 silly runTopLevelLifecycles Starting
129 silly runTopLevelLifecycles Finishing
130 silly install printInstalled
131 verbose stack Error: No compatible version found: ejs@^1.1.0
131 verbose stack Valid install targets:
131 verbose stack 2.5.2, 2.5.1, 2.4.2, 2.4.1, 2.3.4, 2.3.3, 2.3.2, 2.3.1, 2.2.4, 2.2.3, 2.2.2, 2.2.1, 2.1.4, 2.1.3, 2.1.2, 2.1.1, 2.0.8, 2.0.7, 2.0.6, 2.0.5, 2.0.4, 2.0.3, 2.0.2, 1.0.0, 0.8.8, 0.8.6, 0.8.5, 0.8.4, 0.8.3, 0.8.2, 0.8.1, 0.8.0, 0.7.2, 0.7.1, 0.7.0, 0.6.1, 0.6.0, 0.5.0, 0.4.3, 0.4.2, 0.4.1, 0.4.0, 0.3.1, 0.3.0, 0.2.1, 0.2.0, 0.1.0, 0.0.4, 0.0.3, 0.0.2, 0.0.1
131 verbose stack
131 verbose stack     at pickVersionFromRegistryDocument (/usr/local/lib/node_modules/npm/lib/fetch-package-metadata.js:170:16)
131 verbose stack     at /usr/local/lib/node_modules/npm/node_modules/iferr/index.js:13:50
131 verbose stack     at /usr/local/lib/node_modules/npm/lib/utils/pulse-till-done.js:20:8
131 verbose stack     at saved (/usr/local/lib/node_modules/npm/lib/cache/caching-client.js:174:7)
131 verbose stack     at /usr/local/lib/node_modules/npm/node_modules/graceful-fs/polyfills.js:210:7
131 verbose stack     at FSReqWrap.oncomplete (fs.js:123:15)
132 verbose cwd /Users/utku2107/projects/utku/denemeler/server
133 error Darwin 16.0.0
134 error argv "/usr/local/bin/node" "/usr/local/bin/npm" "install"
135 error node v6.7.0
136 error npm  v3.10.3
137 error No compatible version found: ejs@^1.1.0
137 error Valid install targets:
137 error 2.5.2, 2.5.1, 2.4.2, 2.4.1, 2.3.4, 2.3.3, 2.3.2, 2.3.1, 2.2.4, 2.2.3, 2.2.2, 2.2.1, 2.1.4, 2.1.3, 2.1.2, 2.1.1, 2.0.8, 2.0.7, 2.0.6, 2.0.5, 2.0.4, 2.0.3, 2.0.2, 1.0.0, 0.8.8, 0.8.6, 0.8.5, 0.8.4, 0.8.3, 0.8.2, 0.8.1, 0.8.0, 0.7.2, 0.7.1, 0.7.0, 0.6.1, 0.6.0, 0.5.0, 0.4.3, 0.4.2, 0.4.1, 0.4.0, 0.3.1, 0.3.0, 0.2.1, 0.2.0, 0.1.0, 0.0.4, 0.0.3, 0.0.2, 0.0.1
138 error If you need help, you may report this error at:
138 error     <https://github.com/npm/npm/issues>
139 verbose exit [ 1, true ]
